<?xml version="1.0" encoding="UTF-8"?>
<!-- Generated by org.testng.reporters.JUnitXMLReporter -->
<testsuite hostname="fouzders-home" ignored="0" name="TestNgMavenTest" tests="1" failures="0" timestamp="13 Oct 2017 07:46:44 GMT" time="0.12" errors="0">
  <testcase name="@BeforeClass config" time="0.0" classname="com.oms.Test.PetClinicSeleniumTest">
    <failure type="java.lang.IllegalStateException" message="The driver executable does not exist: /home/subrata/Selenium_Framework/Selenium/.\chromeDriver\chromedriver.exe">
      <![CDATA[java.lang.IllegalStateException: The driver executable does not exist: /home/subrata/Selenium_Framework/Selenium/.\chromeDriver\chromedriver.exe
	at com.google.common.base.Preconditions.checkState(Preconditions.java:534)
	at org.openqa.selenium.remote.service.DriverService.checkExecutable(DriverService.java:136)
	at org.openqa.selenium.remote.service.DriverService.findExecutable(DriverService.java:131)
	at org.openqa.selenium.chrome.ChromeDriverService.access$000(ChromeDriverService.java:32)
	at org.openqa.selenium.chrome.ChromeDriverService$Builder.findDefaultExecutable(ChromeDriverService.java:137)
	at org.openqa.selenium.remote.service.DriverService$Builder.build(DriverService.java:329)
	at org.openqa.selenium.chrome.ChromeDriverService.createDefaultService(ChromeDriverService.java:88)
	at org.openqa.selenium.chrome.ChromeDriver.<init>(ChromeDriver.java:147)
	at com.oms.genericlib.Driver.configChromeDriver(Driver.java:23)
	at com.oms.Test.PetClinicSeleniumTest.config(PetClinicSeleniumTest.java:30)
	at java.util.concurrent.ThreadPoolExecutor.runWorker(ThreadPoolExecutor.java:1149)
	at java.util.concurrent.ThreadPoolExecutor$Worker.run(ThreadPoolExecutor.java:624)
	at java.lang.Thread.run(Thread.java:748)
... Removed 10 stack frames]]>
    </failure>
  </testcase> <!-- @BeforeClass config -->
  <testcase name="@BeforeMethod navigateToApplication" time="0.0" classname="com.oms.Test.PetClinicSeleniumTest">
    <skipped/>
  </testcase> <!-- @BeforeMethod navigateToApplication -->
  <testcase name="@AfterTest finalcall" time="0.0" classname="com.oms.Test.PetClinicSeleniumTest">
    <skipped/>
  </testcase> <!-- @AfterTest finalcall -->
  <testcase name="addNewOwner" time="0.001" classname="com.oms.Test.PetClinicSeleniumTest">
    <skipped/>
  </testcase> <!-- addNewOwner -->
</testsuite> <!-- TestNgMavenTest -->
